<?xml version="1.0" encoding="UTF-8"?>
<testng-results ignored="0" total="2" passed="2" failed="0" skipped="0">
  <reporter-output>
  </reporter-output>
  <suite started-at="2023-03-15T20:01:33 EDT" name="Default suite" finished-at="2023-03-15T20:01:51 EDT" duration-ms="18288">
    <groups>
    </groups>
    <test started-at="2023-03-15T20:01:33 EDT" name="Default test" finished-at="2023-03-15T20:01:51 EDT" duration-ms="18288">
      <class name="SubscriptionTest">
        <test-method is-config="true" signature="setUp()[pri:0, instance:SubscriptionTest@1da2cb77]" started-at="2023-03-15T20:01:33 EDT" name="setUp" finished-at="2023-03-15T20:01:34 EDT" duration-ms="1238" status="PASS">
          <reporter-output>
          </reporter-output>
        </test-method> <!-- setUp -->
        <test-method signature="testInvalidEmail()[pri:1, instance:SubscriptionTest@1da2cb77]" started-at="2023-03-15T20:01:34 EDT" name="testInvalidEmail" finished-at="2023-03-15T20:01:39 EDT" duration-ms="4626" status="PASS">
          <reporter-output>
          </reporter-output>
        </test-method> <!-- testInvalidEmail -->
        <test-method signature="testValidEmail()[pri:2, instance:SubscriptionTest@1da2cb77]" started-at="2023-03-15T20:01:39 EDT" name="testValidEmail" finished-at="2023-03-15T20:01:51 EDT" duration-ms="12398" status="PASS">
          <reporter-output>
          </reporter-output>
        </test-method> <!-- testValidEmail -->
        <test-method is-config="true" signature="tearDown()[pri:0, instance:SubscriptionTest@1da2cb77]" started-at="2023-03-15T20:01:51 EDT" name="tearDown" finished-at="2023-03-15T20:01:51 EDT" duration-ms="2" status="PASS">
          <reporter-output>
          </reporter-output>
        </test-method> <!-- tearDown -->
      </class> <!-- SubscriptionTest -->
    </test> <!-- Default test -->
  </suite> <!-- Default suite -->
</testng-results>
